<?xml version="1.0" encoding="UTF-8"?>
<testng-results ignored="0" total="2" passed="2" failed="0" skipped="0">
  <reporter-output>
  </reporter-output>
  <suite started-at="2024-07-19T11:21:44 IST" name="Default suite" finished-at="2024-07-19T11:21:53 IST" duration-ms="8775">
    <groups>
    </groups>
    <test started-at="2024-07-19T11:21:44 IST" name="Default test" finished-at="2024-07-19T11:21:53 IST" duration-ms="8775">
      <class name="Pack1.ContactTest">
        <test-method signature="createcontactTest()[pri:0, instance:Pack1.ContactTest@8f4ea7c]" started-at="2024-07-19T11:21:44 IST" name="createcontactTest" finished-at="2024-07-19T11:21:52 IST" duration-ms="8682" status="PASS">
          <reporter-output>
          </reporter-output>
        </test-method> <!-- createcontactTest -->
        <test-method signature="modifycontactTest()[pri:0, instance:Pack1.ContactTest@8f4ea7c]" started-at="2024-07-19T11:21:52 IST" name="modifycontactTest" finished-at="2024-07-19T11:21:53 IST" duration-ms="11" status="PASS">
          <reporter-output>
          </reporter-output>
        </test-method> <!-- modifycontactTest -->
      </class> <!-- Pack1.ContactTest -->
    </test> <!-- Default test -->
  </suite> <!-- Default suite -->
</testng-results>
