<?xml version="1.0" encoding="UTF-8"?>
<!-- Generated by org.testng.reporters.JUnitXMLReporter -->
<testsuite ignored="0" hostname="DESKTOP-GC6KELD" failures="0" tests="4" name="Test" time="0.081" errors="0" timestamp="2024-07-23T12:37:55 IST">
  <testcase classname="Pack1.ContactTest" name="createcontactTest" time="0.009"/>
  <testcase classname="Pack1.ContactTest" name="modifycontactTest" time="0.001"/>
  <testcase classname="Pack2.OrgTest" name="createorgTest" time="0.001"/>
  <testcase classname="Pack2.OrgTest" name="modifyorgTest" time="0.001"/>
</testsuite> <!-- Test -->
