<?xml version="1.0" encoding="UTF-8"?>
<testng-results ignored="0" total="4" passed="4" failed="0" skipped="0">
  <reporter-output>
  </reporter-output>
  <suite started-at="2024-07-23T12:37:55 IST" name="Suite" finished-at="2024-07-23T12:37:55 IST" duration-ms="81">
    <groups>
    </groups>
    <test started-at="2024-07-23T12:37:55 IST" name="Test" finished-at="2024-07-23T12:37:55 IST" duration-ms="81">
      <class name="Pack2.OrgTest">
        <test-method signature="createorgTest()[pri:0, instance:Pack2.OrgTest@5717c37]" started-at="2024-07-23T12:37:55 IST" name="createorgTest" finished-at="2024-07-23T12:37:55 IST" duration-ms="1" status="PASS">
          <reporter-output>
          </reporter-output>
        </test-method> <!-- createorgTest -->
        <test-method signature="modifyorgTest()[pri:0, instance:Pack2.OrgTest@5717c37]" started-at="2024-07-23T12:37:55 IST" name="modifyorgTest" finished-at="2024-07-23T12:37:55 IST" duration-ms="1" status="PASS">
          <reporter-output>
          </reporter-output>
        </test-method> <!-- modifyorgTest -->
      </class> <!-- Pack2.OrgTest -->
      <class name="Pack1.ContactTest">
        <test-method signature="createcontactTest()[pri:0, instance:Pack1.ContactTest@327af41b]" started-at="2024-07-23T12:37:55 IST" name="createcontactTest" finished-at="2024-07-23T12:37:55 IST" duration-ms="9" status="PASS">
          <reporter-output>
          </reporter-output>
        </test-method> <!-- createcontactTest -->
        <test-method signature="modifycontactTest()[pri:0, instance:Pack1.ContactTest@327af41b]" started-at="2024-07-23T12:37:55 IST" name="modifycontactTest" finished-at="2024-07-23T12:37:55 IST" duration-ms="1" status="PASS">
          <reporter-output>
          </reporter-output>
        </test-method> <!-- modifycontactTest -->
      </class> <!-- Pack1.ContactTest -->
    </test> <!-- Test -->
  </suite> <!-- Suite -->
</testng-results>
