<?xml version="1.0" encoding="UTF-8"?>
<testng-results ignored="2" total="3" passed="1" failed="0" skipped="0">
  <reporter-output>
  </reporter-output>
  <suite started-at="2024-07-21T12:32:55 IST" name="Default suite" finished-at="2024-07-21T12:33:38 IST" duration-ms="42743">
    <groups>
      <group name="Smoke Testing">
        <method signature="CreateContact_Test.CreateContactTest()[pri:0, instance:com.comcast.crm.contacttest.CreateContact_Test@35e2d654]" name="CreateContactTest" class="com.comcast.crm.contacttest.CreateContact_Test"/>
      </group> <!-- Smoke Testing -->
    </groups>
    <test started-at="2024-07-21T12:32:55 IST" name="Default test" finished-at="2024-07-21T12:33:38 IST" duration-ms="42743">
      <class name="com.comcast.crm.contacttest.CreateContact_Test">
        <test-method is-config="true" signature="configBS()[pri:0, instance:com.comcast.crm.contacttest.CreateContact_Test@35e2d654]" started-at="2024-07-21T12:32:55 IST" name="configBS" finished-at="2024-07-21T12:32:55 IST" duration-ms="608" status="PASS">
          <reporter-output>
          </reporter-output>
        </test-method> <!-- configBS -->
        <test-method is-config="true" signature="configBC()[pri:0, instance:com.comcast.crm.contacttest.CreateContact_Test@35e2d654]" started-at="2024-07-21T12:32:55 IST" name="configBC" finished-at="2024-07-21T12:33:04 IST" duration-ms="9112" status="PASS">
          <reporter-output>
          </reporter-output>
        </test-method> <!-- configBC -->
        <test-method is-config="true" signature="configBM()[pri:0, instance:com.comcast.crm.contacttest.CreateContact_Test@35e2d654]" started-at="2024-07-21T12:33:05 IST" name="configBM" finished-at="2024-07-21T12:33:14 IST" duration-ms="9882" status="PASS">
          <reporter-output>
          </reporter-output>
        </test-method> <!-- configBM -->
        <test-method signature="CreateContactTest()[pri:0, instance:com.comcast.crm.contacttest.CreateContact_Test@35e2d654]" started-at="2024-07-21T12:33:14 IST" name="CreateContactTest" finished-at="2024-07-21T12:33:36 IST" duration-ms="21361" status="PASS">
          <reporter-output>
          </reporter-output>
        </test-method> <!-- CreateContactTest -->
        <test-method is-config="true" signature="configAM()[pri:0, instance:com.comcast.crm.contacttest.CreateContact_Test@35e2d654]" started-at="2024-07-21T12:33:36 IST" name="configAM" finished-at="2024-07-21T12:33:38 IST" duration-ms="1840" status="PASS">
          <reporter-output>
          </reporter-output>
        </test-method> <!-- configAM -->
        <test-method is-config="true" signature="configAC()[pri:0, instance:com.comcast.crm.contacttest.CreateContact_Test@35e2d654]" started-at="2024-07-21T12:33:38 IST" name="configAC" finished-at="2024-07-21T12:33:38 IST" duration-ms="487" status="PASS">
          <reporter-output>
          </reporter-output>
        </test-method> <!-- configAC -->
        <test-method is-config="true" signature="configAS()[pri:0, instance:com.comcast.crm.contacttest.CreateContact_Test@35e2d654]" started-at="2024-07-21T12:33:38 IST" name="configAS" finished-at="2024-07-21T12:33:38 IST" duration-ms="20" status="PASS">
          <reporter-output>
          </reporter-output>
        </test-method> <!-- configAS -->
      </class> <!-- com.comcast.crm.contacttest.CreateContact_Test -->
    </test> <!-- Default test -->
  </suite> <!-- Default suite -->
</testng-results>
